<?xml version="1.0" encoding="UTF-8"?>
<robot generator="Robot 7.3.2 (Python 3.12.7 on darwin)" generated="2025-07-30T22:16:03.301256" rpa="false" schemaversion="5">
<suite id="s1" name="TC1" source="/Users/hiralsheth/PycharmProjects/pythonProjectRobot/TestCases/TC1.robot">
<test id="s1-t1" name="LoginTest with valid credentials" line="11">
<kw name="Open Browser To Login Page">
<kw name="Open Browser" owner="SeleniumLibrary">
<msg time="2025-07-30T22:16:03.465462" level="INFO">Opening browser 'chrome' to base url 'https://demo.nopcommerce.com/'.</msg>
<arg>${URL}</arg>
<arg>${BROWSER}</arg>
<doc>Opens a new browser instance to the optional ``url``.</doc>
<status status="PASS" start="2025-07-30T22:16:03.465192" elapsed="4.335087"/>
</kw>
<kw name="Maximize Browser Window" owner="SeleniumLibrary">
<doc>Maximizes current browser window.</doc>
<status status="PASS" start="2025-07-30T22:16:07.800789" elapsed="0.402748"/>
</kw>
<status status="PASS" start="2025-07-30T22:16:03.464339" elapsed="4.739375"/>
</kw>
<kw name="Close Browser" owner="SeleniumLibrary" type="TEARDOWN">
<doc>Closes the current browser.</doc>
<status status="PASS" start="2025-07-30T22:16:08.204141" elapsed="0.125862"/>
</kw>
<status status="PASS" start="2025-07-30T22:16:03.462779" elapsed="4.867376"/>
</test>
<status status="PASS" start="2025-07-30T22:16:03.303633" elapsed="5.027094"/>
</suite>
<statistics>
<total>
<stat pass="1" fail="0" skip="0">All Tests</stat>
</total>
<tag>
</tag>
<suite>
<stat name="TC1" id="s1" pass="1" fail="0" skip="0">TC1</stat>
</suite>
</statistics>
<errors>
</errors>
</robot>
